<?xml version="1.0" encoding="UTF-8"?>
<!-- Generated by org.testng.reporters.JUnitXMLReporter -->
<testsuite hostname="TGA0045ALKHTABD" name="apitests" tests="1" failures="0" timestamp="17 Dec 2015 14:54:54 GMT" time="2.205" errors="0">
  <testcase name="@AfterMethod updateResultsInALM" time="0.0" classname="com.prokarma.web.demo.jaxws.JaxWSTest">
    <failure type="java.lang.ExceptionInInitializerError">
      <![CDATA[java.lang.ExceptionInInitializerError
	at com.prokarma.web.demo.jaxws.JaxWSTest.updateALM(JaxWSTest.java:109)
	at com.prokarma.web.demo.jaxws.JaxWSTest.updateResultsInALM(JaxWSTest.java:73)
Caused by: java.lang.NullPointerException
	at java.util.Properties$LineReader.readLine(Properties.java:434)
	at java.util.Properties.load0(Properties.java:353)
	at java.util.Properties.load(Properties.java:341)
	at com.vzt.framework.hpqc.utils.PropertyUtils.<init>(PropertyUtils.java:25)
	at com.vzt.framework.hpqc.utils.PropertyUtils.getInstance(PropertyUtils.java:34)
	at com.vzt.framework.hpqc.utils.Constants.<clinit>(Constants.java:10)
	... 31 more
... Removed 29 stack frames]]>
    </failure>
  </testcase> <!-- @AfterMethod updateResultsInALM -->
  <testcase name="testJAXWSService" time="2.123" classname="com.prokarma.web.demo.jaxws.JaxWSTest"/>
</testsuite> <!-- apitests -->
