<?xml version="1.0" encoding="UTF-8"?>
<testng-results skipped="0" failed="0" total="1" passed="1">
  <reporter-output>
  </reporter-output>
  <suite name="Test-class Suite" duration-ms="2248" started-at="2015-12-17T14:54:52Z" finished-at="2015-12-17T14:54:54Z">
    <groups>
    </groups>
    <test name="webtests" duration-ms="2" started-at="2015-12-17T14:54:52Z" finished-at="2015-12-17T14:54:52Z">
    </test> <!-- webtests -->
    <test name="apitests" duration-ms="2205" started-at="2015-12-17T14:54:52Z" finished-at="2015-12-17T14:54:54Z">
      <class name="com.prokarma.web.demo.jaxws.JaxWSTest">
        <test-method status="PASS" signature="initializeConfig(java.lang.String)[pri:0, instance:com.prokarma.web.demo.jaxws.JaxWSTest@ef9176]" name="initializeConfig" is-config="true" duration-ms="312" started-at="2015-12-17T09:54:52Z" finished-at="2015-12-17T09:54:52Z">
          <params>
            <param index="0">
              <value>
                <![CDATA[amptest.properties]]>
              </value>
            </param>
          </params>
          <reporter-output>
          </reporter-output>
        </test-method> <!-- initializeConfig -->
        <test-method status="PASS" signature="initializeTest(org.testng.ITestContext)[pri:0, instance:com.prokarma.web.demo.jaxws.JaxWSTest@ef9176]" name="initializeTest" is-config="true" duration-ms="0" started-at="2015-12-17T09:54:52Z" finished-at="2015-12-17T09:54:52Z">
          <params>
            <param index="0">
              <value>
                <![CDATA[org.testng.TestRunner@1446bef]]>
              </value>
            </param>
          </params>
          <reporter-output>
          </reporter-output>
        </test-method> <!-- initializeTest -->
        <test-method status="PASS" signature="testJAXWSService(com.vzt.framework.core.api.JAXWSRequestTestData)[pri:0, instance:com.prokarma.web.demo.jaxws.JaxWSTest@ef9176]" name="testJAXWSService" duration-ms="2123" started-at="2015-12-17T09:54:52Z" data-provider="default" finished-at="2015-12-17T09:54:54Z">
          <params>
            <param index="0">
              <value>
                <![CDATA[JAXWSRequestTestData [envelope=<soapenv:Envelope xmlns:soapenv="http://schemas.xmlsoap.org/soap/envelope/" xmlns:sec="http://ns.hughestelematics.com/v2.0/service/securityServiceMethodV2_1" xmlns:v1="http://xmlns.hughestelematics.com/Gateway/Security/V1" xmlns:v11="http://xmlns.hughestelematics.com/Gateway/Common/Header/V1">
   <soapenv:Header/>
   <soapenv:Body>
      <sec:AuthenticateV2>
         <!--Optional:-->
         <AuthenticateRequestTypeV2>
            <v1:Header>
               <v11:SourceName>WEB</v11:SourceName>
               <!--Optional:-->
               <v11:TargetName>TOS</v11:TargetName>
               <v11:TransactionId>Vish27822300</v11:TransactionId>
               <v11:Timestamp>2015-03-12T13:03:35.432Z</v11:Timestamp>
               <v11:Organization>VW</v11:Organization>
               <v11:Region>US</v11:Region>
               <v11:ApplicationName>CWP</v11:ApplicationName>
            </v1:Header>
            <v1:DataArea>
               <v1:UserId>29814908</v1:UserId>
               <v1:PIN>6161</v1:PIN>
               <v1:Type>primary</v1:Type>
               <!--Optional:-->
               <v1:ExternalUserName>adesu</v1:ExternalUserName>
               <!--Optional:-->
               <v1:ExternalUserId>adesu</v1:ExternalUserId>
               <!--Optional:-->
               <v1:Email>bhanoday.saranam@hughestelematics.com</v1:Email>
               <!--Optional:-->
               <v1:HTDID>?</v1:HTDID>
               <!--Optional:-->
               <v1:Version>?</v1:Version>
            </v1:DataArea>
         </AuthenticateRequestTypeV2>
      </sec:AuthenticateV2>
   </soapenv:Body>
</soapenv:Envelope>, tcid=TC_001, api_Name=FAL – Authenticate, auth_Service=No, run_Mode=YES, baseURL=http://miawsbap01s.vtitel.net:8080, api=/HTIWebGateway/EnterpriseGatewayServices/SecurityServiceV2_1, contentType=text/xml;charset=UTF-8, header_Value=AuthenticateV2, header_Key=SOAPAction, expected_Response_Code=200, respone=OK]]]>
              </value>
            </param>
          </params>
          <reporter-output>
          </reporter-output>
        </test-method> <!-- testJAXWSService -->
        <test-method status="FAIL" signature="updateResultsInALM(org.testng.ITestResult)[pri:0, instance:com.prokarma.web.demo.jaxws.JaxWSTest@ef9176]" name="updateResultsInALM" is-config="true" duration-ms="0" started-at="2015-12-17T09:54:54Z" finished-at="2015-12-17T09:54:54Z">
          <params>
            <param index="0">
              <value>
                <![CDATA[[TestResult name=testJAXWSService status=SUCCESS method=JaxWSTest.testJAXWSService(com.vzt.framework.core.api.JAXWSRequestTestData)[pri:0, instance:com.prokarma.web.demo.jaxws.JaxWSTest@ef9176] output={null}]]]>
              </value>
            </param>
          </params>
          <exception class="java.lang.ExceptionInInitializerError">
            <full-stacktrace>
              <![CDATA[java.lang.ExceptionInInitializerError
	at com.prokarma.web.demo.jaxws.JaxWSTest.updateALM(JaxWSTest.java:109)
	at com.prokarma.web.demo.jaxws.JaxWSTest.updateResultsInALM(JaxWSTest.java:73)
	at sun.reflect.NativeMethodAccessorImpl.invoke0(Native Method)
	at sun.reflect.NativeMethodAccessorImpl.invoke(NativeMethodAccessorImpl.java:62)
	at sun.reflect.DelegatingMethodAccessorImpl.invoke(DelegatingMethodAccessorImpl.java:43)
	at java.lang.reflect.Method.invoke(Method.java:497)
	at org.testng.internal.MethodInvocationHelper.invokeMethod(MethodInvocationHelper.java:85)
	at org.testng.internal.Invoker.invokeConfigurationMethod(Invoker.java:510)
	at org.testng.internal.Invoker.invokeConfigurations(Invoker.java:211)
	at org.testng.internal.Invoker.invokeMethod(Invoker.java:708)
	at org.testng.internal.Invoker.invokeTestMethod(Invoker.java:821)
	at org.testng.internal.Invoker.invokeTestMethods(Invoker.java:1131)
	at org.testng.internal.TestMethodWorker.invokeTestMethods(TestMethodWorker.java:124)
	at org.testng.internal.TestMethodWorker.run(TestMethodWorker.java:108)
	at org.testng.TestRunner.privateRun(TestRunner.java:773)
	at org.testng.TestRunner.run(TestRunner.java:623)
	at org.testng.SuiteRunner.runTest(SuiteRunner.java:357)
	at org.testng.SuiteRunner.runSequentially(SuiteRunner.java:352)
	at org.testng.SuiteRunner.privateRun(SuiteRunner.java:310)
	at org.testng.SuiteRunner.run(SuiteRunner.java:259)
	at org.testng.SuiteRunnerWorker.runSuite(SuiteRunnerWorker.java:52)
	at org.testng.SuiteRunnerWorker.run(SuiteRunnerWorker.java:86)
	at org.testng.TestNG.runSuitesSequentially(TestNG.java:1185)
	at org.testng.TestNG.runSuitesLocally(TestNG.java:1110)
	at org.testng.TestNG.run(TestNG.java:1018)
	at org.apache.maven.surefire.testng.TestNGExecutor.run(TestNGExecutor.java:295)
	at org.apache.maven.surefire.testng.TestNGXmlTestSuite.execute(TestNGXmlTestSuite.java:84)
	at org.apache.maven.surefire.testng.TestNGProvider.invoke(TestNGProvider.java:90)
	at org.apache.maven.surefire.booter.ForkedBooter.invokeProviderInSameClassLoader(ForkedBooter.java:203)
	at org.apache.maven.surefire.booter.ForkedBooter.runSuitesInProcess(ForkedBooter.java:155)
	at org.apache.maven.surefire.booter.ForkedBooter.main(ForkedBooter.java:103)
Caused by: java.lang.NullPointerException
	at java.util.Properties$LineReader.readLine(Properties.java:434)
	at java.util.Properties.load0(Properties.java:353)
	at java.util.Properties.load(Properties.java:341)
	at com.vzt.framework.hpqc.utils.PropertyUtils.<init>(PropertyUtils.java:25)
	at com.vzt.framework.hpqc.utils.PropertyUtils.getInstance(PropertyUtils.java:34)
	at com.vzt.framework.hpqc.utils.Constants.<clinit>(Constants.java:10)
	... 31 more
]]>
            </full-stacktrace>
          </exception> <!-- java.lang.ExceptionInInitializerError -->
          <reporter-output>
          </reporter-output>
        </test-method> <!-- updateResultsInALM -->
      </class> <!-- com.prokarma.web.demo.jaxws.JaxWSTest -->
    </test> <!-- apitests -->
  </suite> <!-- Test-class Suite -->
</testng-results>
